{"uuid":"559b3ffe-c627-4264-8826-e6f8ff93d321","historyId":"4afa9998cfdb694ca9df67dc52ea7930","testCaseId":"29f72da97c51f3b7758bc999223bade4","fullName":"src/test/resources/DesignProject.feature:1034","labels":[{"name":"tag","value":"Run"},{"name":"host","value":"TWIN19"},{"name":"thread","value":"16216@TWIN19.main(1)"},{"name":"feature","value":"Creating Projects and other functionalities realted to it"},{"name":"story","value":"Verify entering description"},{"name":"suite","value":"Creating Projects and other functionalities realted to it"},{"name":"testClass","value":"Verify entering description"},{"name":"framework","value":"cucumber6jvm"},{"name":"language","value":"java"},{"name":"gherkin_uri","value":"file:///C:/Users/TWINUser-08/eclipse-workspace/DemoURL-Krion6D_Automation/src/test/resources/DesignProject.feature"},{"name":"package","value":"src.test.resources.DesignProject_feature.Creating Projects and other functionalities realted to it"}],"links":[],"name":"Verify entering description","status":"broken","statusDetails":{"known":false,"muted":false,"flaky":false,"message":"Expected condition failed: waiting for element to be clickable: [[ChromeDriver: chrome on windows (07ee60f66cb3748d8a83809c3ed83659)] -> xpath: //textarea[@id='description']] (tried for 20 second(s) with 500 milliseconds interval)\nBuild info: version: '4.20.0', revision: '866c76ca80'\nSystem info: os.name: 'Windows 10', os.arch: 'amd64', os.version: '10.0', java.version: '22.0.1'\nDriver info: org.openqa.selenium.chrome.ChromeDriver\nCapabilities {acceptInsecureCerts: false, browserName: chrome, browserVersion: 131.0.6778.140, chrome: {chromedriverVersion: 131.0.6778.108 (3b014839fbc..., userDataDir: C:\\Users\\TWINUS~1\\AppData\\L...}, fedcm:accounts: true, goog:chromeOptions: {debuggerAddress: localhost:54586}, networkConnectionEnabled: false, pageLoadStrategy: normal, platformName: windows, proxy: Proxy(), se:cdp: ws://localhost:54586/devtoo..., se:cdpVersion: 131.0.6778.140, setWindowRect: true, strictFileInteractability: false, timeouts: {implicit: 0, pageLoad: 300000, script: 30000}, unhandledPromptBehavior: dismiss and notify, webauthn:extension:credBlob: true, webauthn:extension:largeBlob: true, webauthn:extension:minPinLength: true, webauthn:extension:prf: true, webauthn:virtualAuthenticators: true}\nSession ID: 07ee60f66cb3748d8a83809c3ed83659","trace":"org.openqa.selenium.TimeoutException: Expected condition failed: waiting for element to be clickable: [[ChromeDriver: chrome on windows (07ee60f66cb3748d8a83809c3ed83659)] -> xpath: //textarea[@id='description']] (tried for 20 second(s) with 500 milliseconds interval)\nBuild info: version: '4.20.0', revision: '866c76ca80'\nSystem info: os.name: 'Windows 10', os.arch: 'amd64', os.version: '10.0', java.version: '22.0.1'\nDriver info: org.openqa.selenium.chrome.ChromeDriver\nCapabilities {acceptInsecureCerts: false, browserName: chrome, browserVersion: 131.0.6778.140, chrome: {chromedriverVersion: 131.0.6778.108 (3b014839fbc..., userDataDir: C:\\Users\\TWINUS~1\\AppData\\L...}, fedcm:accounts: true, goog:chromeOptions: {debuggerAddress: localhost:54586}, networkConnectionEnabled: false, pageLoadStrategy: normal, platformName: windows, proxy: Proxy(), se:cdp: ws://localhost:54586/devtoo..., se:cdpVersion: 131.0.6778.140, setWindowRect: true, strictFileInteractability: false, timeouts: {implicit: 0, pageLoad: 300000, script: 30000}, unhandledPromptBehavior: dismiss and notify, webauthn:extension:credBlob: true, webauthn:extension:largeBlob: true, webauthn:extension:minPinLength: true, webauthn:extension:prf: true, webauthn:virtualAuthenticators: true}\nSession ID: 07ee60f66cb3748d8a83809c3ed83659\r\n\tat org.openqa.selenium.support.ui.WebDriverWait.timeoutException(WebDriverWait.java:84)\r\n\tat org.openqa.selenium.support.ui.FluentWait.until(FluentWait.java:228)\r\n\tat Locators.FormLocators.cleardescription(FormLocators.java:414)\r\n\tat Testcases.EditForm.update_description_using_the_sheetname_and_rownumber(EditForm.java:204)\r\n\tat ✽.Update description using the sheetname \"Edit Form\" and rownumber 0(file:///C:/Users/TWINUser-08/eclipse-workspace/DemoURL-Krion6D_Automation/src/test/resources/DesignProject.feature:1035)\r\n"},"stage":"finished","description":"   This feature aims to test and create the Projects and other functionality in it under Design module within the application.","steps":[{"name":"Then Update description using the sheetname \"Edit Form\" and rownumber 0","status":"broken","statusDetails":{"known":false,"muted":false,"flaky":false,"message":"Expected condition failed: waiting for element to be clickable: [[ChromeDriver: chrome on windows (07ee60f66cb3748d8a83809c3ed83659)] -> xpath: //textarea[@id='description']] (tried for 20 second(s) with 500 milliseconds interval)\nBuild info: version: '4.20.0', revision: '866c76ca80'\nSystem info: os.name: 'Windows 10', os.arch: 'amd64', os.version: '10.0', java.version: '22.0.1'\nDriver info: org.openqa.selenium.chrome.ChromeDriver\nCapabilities {acceptInsecureCerts: false, browserName: chrome, browserVersion: 131.0.6778.140, chrome: {chromedriverVersion: 131.0.6778.108 (3b014839fbc..., userDataDir: C:\\Users\\TWINUS~1\\AppData\\L...}, fedcm:accounts: true, goog:chromeOptions: {debuggerAddress: localhost:54586}, networkConnectionEnabled: false, pageLoadStrategy: normal, platformName: windows, proxy: Proxy(), se:cdp: ws://localhost:54586/devtoo..., se:cdpVersion: 131.0.6778.140, setWindowRect: true, strictFileInteractability: false, timeouts: {implicit: 0, pageLoad: 300000, script: 30000}, unhandledPromptBehavior: dismiss and notify, webauthn:extension:credBlob: true, webauthn:extension:largeBlob: true, webauthn:extension:minPinLength: true, webauthn:extension:prf: true, webauthn:virtualAuthenticators: true}\nSession ID: 07ee60f66cb3748d8a83809c3ed83659","trace":"org.openqa.selenium.TimeoutException: Expected condition failed: waiting for element to be clickable: [[ChromeDriver: chrome on windows (07ee60f66cb3748d8a83809c3ed83659)] -> xpath: //textarea[@id='description']] (tried for 20 second(s) with 500 milliseconds interval)\nBuild info: version: '4.20.0', revision: '866c76ca80'\nSystem info: os.name: 'Windows 10', os.arch: 'amd64', os.version: '10.0', java.version: '22.0.1'\nDriver info: org.openqa.selenium.chrome.ChromeDriver\nCapabilities {acceptInsecureCerts: false, browserName: chrome, browserVersion: 131.0.6778.140, chrome: {chromedriverVersion: 131.0.6778.108 (3b014839fbc..., userDataDir: C:\\Users\\TWINUS~1\\AppData\\L...}, fedcm:accounts: true, goog:chromeOptions: {debuggerAddress: localhost:54586}, networkConnectionEnabled: false, pageLoadStrategy: normal, platformName: windows, proxy: Proxy(), se:cdp: ws://localhost:54586/devtoo..., se:cdpVersion: 131.0.6778.140, setWindowRect: true, strictFileInteractability: false, timeouts: {implicit: 0, pageLoad: 300000, script: 30000}, unhandledPromptBehavior: dismiss and notify, webauthn:extension:credBlob: true, webauthn:extension:largeBlob: true, webauthn:extension:minPinLength: true, webauthn:extension:prf: true, webauthn:virtualAuthenticators: true}\nSession ID: 07ee60f66cb3748d8a83809c3ed83659\r\n\tat org.openqa.selenium.support.ui.WebDriverWait.timeoutException(WebDriverWait.java:84)\r\n\tat org.openqa.selenium.support.ui.FluentWait.until(FluentWait.java:228)\r\n\tat Locators.FormLocators.cleardescription(FormLocators.java:414)\r\n\tat Testcases.EditForm.update_description_using_the_sheetname_and_rownumber(EditForm.java:204)\r\n\tat ✽.Update description using the sheetname \"Edit Form\" and rownumber 0(file:///C:/Users/TWINUser-08/eclipse-workspace/DemoURL-Krion6D_Automation/src/test/resources/DesignProject.feature:1035)\r\n"},"stage":"finished","steps":[],"attachments":[{"name":"Screenshot for Edit Form","source":"fe0aa10f-5767-4790-b3d0-d0fa4653c59b-attachment"}],"parameters":[],"start":1734077168245,"stop":1734077189994}],"attachments":[],"parameters":[],"start":1734077168225,"stop":1734077189995}