{"uuid":"a850d77b-8f6d-4626-81bc-15cb7af01af2","historyId":"4f1cc013b3b6498cc0827045ecd1be68","testCaseId":"4db4d7d29b2de521087a4541f4ba23d0","fullName":"src/test/resources/DesignProject.feature:144","labels":[{"name":"tag","value":"Run"},{"name":"host","value":"TWIN19"},{"name":"thread","value":"17908@TWIN19.main(1)"},{"name":"feature","value":"Creating Projects and other functionalities realted to it"},{"name":"story","value":"Veriffy by Clicking on Select role drop-down to select the required role from the list for Group"},{"name":"suite","value":"Creating Projects and other functionalities realted to it"},{"name":"testClass","value":"Veriffy by Clicking on Select role drop-down to select the required role from the list for Group"},{"name":"framework","value":"cucumber6jvm"},{"name":"language","value":"java"},{"name":"gherkin_uri","value":"file:///C:/Users/TWINUser-08/eclipse-workspace/DemoURL-Krion6D_Automation/src/test/resources/DesignProject.feature"},{"name":"package","value":"src.test.resources.DesignProject_feature.Creating Projects and other functionalities realted to it"}],"links":[],"name":"Veriffy by Clicking on Select role drop-down to select the required role from the list for Group","status":"broken","statusDetails":{"known":false,"muted":false,"flaky":false,"message":"Cannot locate option with text: \nFor documentation on this error, please visit: https://www.selenium.dev/documentation/webdriver/troubleshooting/errors#no-such-element-exception\nBuild info: version: '4.20.0', revision: '866c76ca80'\nSystem info: os.name: 'Windows 10', os.arch: 'amd64', os.version: '10.0', java.version: '22.0.1'\nDriver info: driver.version: unknown","trace":"org.openqa.selenium.NoSuchElementException: Cannot locate option with text: \nFor documentation on this error, please visit: https://www.selenium.dev/documentation/webdriver/troubleshooting/errors#no-such-element-exception\nBuild info: version: '4.20.0', revision: '866c76ca80'\nSystem info: os.name: 'Windows 10', os.arch: 'amd64', os.version: '10.0', java.version: '22.0.1'\nDriver info: driver.version: unknown\r\n\tat org.openqa.selenium.support.ui.Select.selectByVisibleText(Select.java:153)\r\n\tat Locators.AssignRole_Locators.selectroleforgroup(AssignRole_Locators.java:138)\r\n\tat Testcases.DesingProjectTestcases.clicking_on_select_role_drop_down_to_select_the_required_role_from_the_list_for_group_using_sheetname_and_rownumber(DesingProjectTestcases.java:751)\r\n\tat ✽.Clicking on Select role drop-down to select the required role from the list for Group using sheetname \"Assign Role\" and rownumber 0(file:///C:/Users/TWINUser-08/eclipse-workspace/DemoURL-Krion6D_Automation/src/test/resources/DesignProject.feature:145)\r\n"},"stage":"finished","description":"   This feature aims to test and create the Projects and other functionality in it under Design module within the application.","steps":[{"name":"Then Clicking on Select role drop-down to select the required role from the list for Group using sheetname \"Assign Role\" and rownumber 0","status":"broken","statusDetails":{"known":false,"muted":false,"flaky":false,"message":"Cannot locate option with text: \nFor documentation on this error, please visit: https://www.selenium.dev/documentation/webdriver/troubleshooting/errors#no-such-element-exception\nBuild info: version: '4.20.0', revision: '866c76ca80'\nSystem info: os.name: 'Windows 10', os.arch: 'amd64', os.version: '10.0', java.version: '22.0.1'\nDriver info: driver.version: unknown","trace":"org.openqa.selenium.NoSuchElementException: Cannot locate option with text: \nFor documentation on this error, please visit: https://www.selenium.dev/documentation/webdriver/troubleshooting/errors#no-such-element-exception\nBuild info: version: '4.20.0', revision: '866c76ca80'\nSystem info: os.name: 'Windows 10', os.arch: 'amd64', os.version: '10.0', java.version: '22.0.1'\nDriver info: driver.version: unknown\r\n\tat org.openqa.selenium.support.ui.Select.selectByVisibleText(Select.java:153)\r\n\tat Locators.AssignRole_Locators.selectroleforgroup(AssignRole_Locators.java:138)\r\n\tat Testcases.DesingProjectTestcases.clicking_on_select_role_drop_down_to_select_the_required_role_from_the_list_for_group_using_sheetname_and_rownumber(DesingProjectTestcases.java:751)\r\n\tat ✽.Clicking on Select role drop-down to select the required role from the list for Group using sheetname \"Assign Role\" and rownumber 0(file:///C:/Users/TWINUser-08/eclipse-workspace/DemoURL-Krion6D_Automation/src/test/resources/DesignProject.feature:145)\r\n"},"stage":"finished","steps":[],"attachments":[{"name":"Screenshot for Role Assigning group Page","source":"e907b52a-fee6-44a8-9331-18d9408dc4b6-attachment"}],"parameters":[],"start":1733324673499,"stop":1733324680758}],"attachments":[],"parameters":[],"start":1733324673475,"stop":1733324680767}