{"uuid":"fdefcbd7-53a9-4004-a839-6b8d5fe8acbb","historyId":"b15eb8f69abc59b1314a5fae307b0904","testCaseId":"92e93d0f98e83882a8fe2f6354423309","fullName":"src/test/resources/DesignProject.feature:907","labels":[{"name":"tag","value":"Run"},{"name":"host","value":"TWIN19"},{"name":"thread","value":"16216@TWIN19.main(1)"},{"name":"feature","value":"Creating Projects and other functionalities realted to it"},{"name":"story","value":"Verify by Selecting Attach files from the drop-down in Issue"},{"name":"suite","value":"Creating Projects and other functionalities realted to it"},{"name":"testClass","value":"Verify by Selecting Attach files from the drop-down in Issue"},{"name":"framework","value":"cucumber6jvm"},{"name":"language","value":"java"},{"name":"gherkin_uri","value":"file:///C:/Users/TWINUser-08/eclipse-workspace/DemoURL-Krion6D_Automation/src/test/resources/DesignProject.feature"},{"name":"package","value":"src.test.resources.DesignProject_feature.Creating Projects and other functionalities realted to it"}],"links":[],"name":"Verify by Selecting Attach files from the drop-down in Issue","status":"broken","statusDetails":{"known":false,"muted":false,"flaky":false,"message":"Expected condition failed: waiting for element to be clickable: [[ChromeDriver: chrome on windows (07ee60f66cb3748d8a83809c3ed83659)] -> xpath: //button[@class='w-100 btn btn-info']] (tried for 10 second(s) with 500 milliseconds interval)\nBuild info: version: '4.20.0', revision: '866c76ca80'\nSystem info: os.name: 'Windows 10', os.arch: 'amd64', os.version: '10.0', java.version: '22.0.1'\nDriver info: org.openqa.selenium.chrome.ChromeDriver\nCapabilities {acceptInsecureCerts: false, browserName: chrome, browserVersion: 131.0.6778.140, chrome: {chromedriverVersion: 131.0.6778.108 (3b014839fbc..., userDataDir: C:\\Users\\TWINUS~1\\AppData\\L...}, fedcm:accounts: true, goog:chromeOptions: {debuggerAddress: localhost:54586}, networkConnectionEnabled: false, pageLoadStrategy: normal, platformName: windows, proxy: Proxy(), se:cdp: ws://localhost:54586/devtoo..., se:cdpVersion: 131.0.6778.140, setWindowRect: true, strictFileInteractability: false, timeouts: {implicit: 0, pageLoad: 300000, script: 30000}, unhandledPromptBehavior: dismiss and notify, webauthn:extension:credBlob: true, webauthn:extension:largeBlob: true, webauthn:extension:minPinLength: true, webauthn:extension:prf: true, webauthn:virtualAuthenticators: true}\nSession ID: 07ee60f66cb3748d8a83809c3ed83659","trace":"org.openqa.selenium.TimeoutException: Expected condition failed: waiting for element to be clickable: [[ChromeDriver: chrome on windows (07ee60f66cb3748d8a83809c3ed83659)] -> xpath: //button[@class='w-100 btn btn-info']] (tried for 10 second(s) with 500 milliseconds interval)\nBuild info: version: '4.20.0', revision: '866c76ca80'\nSystem info: os.name: 'Windows 10', os.arch: 'amd64', os.version: '10.0', java.version: '22.0.1'\nDriver info: org.openqa.selenium.chrome.ChromeDriver\nCapabilities {acceptInsecureCerts: false, browserName: chrome, browserVersion: 131.0.6778.140, chrome: {chromedriverVersion: 131.0.6778.108 (3b014839fbc..., userDataDir: C:\\Users\\TWINUS~1\\AppData\\L...}, fedcm:accounts: true, goog:chromeOptions: {debuggerAddress: localhost:54586}, networkConnectionEnabled: false, pageLoadStrategy: normal, platformName: windows, proxy: Proxy(), se:cdp: ws://localhost:54586/devtoo..., se:cdpVersion: 131.0.6778.140, setWindowRect: true, strictFileInteractability: false, timeouts: {implicit: 0, pageLoad: 300000, script: 30000}, unhandledPromptBehavior: dismiss and notify, webauthn:extension:credBlob: true, webauthn:extension:largeBlob: true, webauthn:extension:minPinLength: true, webauthn:extension:prf: true, webauthn:virtualAuthenticators: true}\nSession ID: 07ee60f66cb3748d8a83809c3ed83659\r\n\tat org.openqa.selenium.support.ui.WebDriverWait.timeoutException(WebDriverWait.java:84)\r\n\tat org.openqa.selenium.support.ui.FluentWait.until(FluentWait.java:228)\r\n\tat Locators.Issue_Locators.ClickOnUpdate(Issue_Locators.java:728)\r\n\tat Testcases.EditIssue.clicking_on_update_button_to_update_a_issue_in_the_project(EditIssue.java:383)\r\n\tat ✽.Clicking on Update button to update a Issue in the project(file:///C:/Users/TWINUser-08/eclipse-workspace/DemoURL-Krion6D_Automation/src/test/resources/DesignProject.feature:909)\r\n"},"stage":"finished","description":"   This feature aims to test and create the Projects and other functionality in it under Design module within the application.","steps":[{"name":"Then Update Selecting Attach files from the drop-down in add issue using sheetname \"Edit Issue\" and rownumber 0","status":"passed","statusDetails":{"known":false,"muted":false,"flaky":false},"stage":"finished","steps":[],"attachments":[],"parameters":[],"start":1734076773073,"stop":1734076773073},{"name":"Then Clicking on Update button to update a Issue in the project","status":"broken","statusDetails":{"known":false,"muted":false,"flaky":false,"message":"Expected condition failed: waiting for element to be clickable: [[ChromeDriver: chrome on windows (07ee60f66cb3748d8a83809c3ed83659)] -> xpath: //button[@class='w-100 btn btn-info']] (tried for 10 second(s) with 500 milliseconds interval)\nBuild info: version: '4.20.0', revision: '866c76ca80'\nSystem info: os.name: 'Windows 10', os.arch: 'amd64', os.version: '10.0', java.version: '22.0.1'\nDriver info: org.openqa.selenium.chrome.ChromeDriver\nCapabilities {acceptInsecureCerts: false, browserName: chrome, browserVersion: 131.0.6778.140, chrome: {chromedriverVersion: 131.0.6778.108 (3b014839fbc..., userDataDir: C:\\Users\\TWINUS~1\\AppData\\L...}, fedcm:accounts: true, goog:chromeOptions: {debuggerAddress: localhost:54586}, networkConnectionEnabled: false, pageLoadStrategy: normal, platformName: windows, proxy: Proxy(), se:cdp: ws://localhost:54586/devtoo..., se:cdpVersion: 131.0.6778.140, setWindowRect: true, strictFileInteractability: false, timeouts: {implicit: 0, pageLoad: 300000, script: 30000}, unhandledPromptBehavior: dismiss and notify, webauthn:extension:credBlob: true, webauthn:extension:largeBlob: true, webauthn:extension:minPinLength: true, webauthn:extension:prf: true, webauthn:virtualAuthenticators: true}\nSession ID: 07ee60f66cb3748d8a83809c3ed83659","trace":"org.openqa.selenium.TimeoutException: Expected condition failed: waiting for element to be clickable: [[ChromeDriver: chrome on windows (07ee60f66cb3748d8a83809c3ed83659)] -> xpath: //button[@class='w-100 btn btn-info']] (tried for 10 second(s) with 500 milliseconds interval)\nBuild info: version: '4.20.0', revision: '866c76ca80'\nSystem info: os.name: 'Windows 10', os.arch: 'amd64', os.version: '10.0', java.version: '22.0.1'\nDriver info: org.openqa.selenium.chrome.ChromeDriver\nCapabilities {acceptInsecureCerts: false, browserName: chrome, browserVersion: 131.0.6778.140, chrome: {chromedriverVersion: 131.0.6778.108 (3b014839fbc..., userDataDir: C:\\Users\\TWINUS~1\\AppData\\L...}, fedcm:accounts: true, goog:chromeOptions: {debuggerAddress: localhost:54586}, networkConnectionEnabled: false, pageLoadStrategy: normal, platformName: windows, proxy: Proxy(), se:cdp: ws://localhost:54586/devtoo..., se:cdpVersion: 131.0.6778.140, setWindowRect: true, strictFileInteractability: false, timeouts: {implicit: 0, pageLoad: 300000, script: 30000}, unhandledPromptBehavior: dismiss and notify, webauthn:extension:credBlob: true, webauthn:extension:largeBlob: true, webauthn:extension:minPinLength: true, webauthn:extension:prf: true, webauthn:virtualAuthenticators: true}\nSession ID: 07ee60f66cb3748d8a83809c3ed83659\r\n\tat org.openqa.selenium.support.ui.WebDriverWait.timeoutException(WebDriverWait.java:84)\r\n\tat org.openqa.selenium.support.ui.FluentWait.until(FluentWait.java:228)\r\n\tat Locators.Issue_Locators.ClickOnUpdate(Issue_Locators.java:728)\r\n\tat Testcases.EditIssue.clicking_on_update_button_to_update_a_issue_in_the_project(EditIssue.java:383)\r\n\tat ✽.Clicking on Update button to update a Issue in the project(file:///C:/Users/TWINUser-08/eclipse-workspace/DemoURL-Krion6D_Automation/src/test/resources/DesignProject.feature:909)\r\n"},"stage":"finished","steps":[],"attachments":[],"parameters":[],"start":1734076773073,"stop":1734076787564}],"attachments":[],"parameters":[],"start":1734076773054,"stop":1734076787565}